0 verbose cli /data/data/com.termux/files/usr/bin/node /data/data/com.termux/files/usr/bin/npm
1 info using npm@11.16.0
2 info using node@v26.2.0
3 silly config load:file:/data/data/com.termux/files/usr/lib/node_modules/npm/npmrc
4 silly config load:file:/data/data/com.termux/files/home/qw/.npmrc
5 silly config load:file:/data/data/com.termux/files/home/.npmrc
6 silly config load:file:/data/data/com.termux/files/usr/etc/npmrc
7 verbose title npm install
8 verbose argv "install"
9 verbose logfile logs-max:10 dir:/data/data/com.termux/files/home/.npm/_logs/2026-06-10T08_35_36_461Z-
10 verbose logfile /data/data/com.termux/files/home/.npm/_logs/2026-06-10T08_35_36_461Z-debug-0.log
11 silly logfile done cleaning log files
12 silly packumentCache heap:2248146944 maxSize:562036736 maxEntrySize:281018368
13 silly idealTree buildDeps
14 silly reify moves {}
15 silly audit bulk request {
15 silly audit   '@babel/code-frame': [ '7.29.7' ],
15 silly audit   '@babel/compat-data': [ '7.29.7' ],
15 silly audit   '@babel/core': [ '7.29.7' ],
15 silly audit   '@babel/generator': [ '7.29.7' ],
15 silly audit   '@babel/helper-compilation-targets': [ '7.29.7' ],
15 silly audit   '@babel/helper-globals': [ '7.29.7' ],
15 silly audit   '@babel/helper-module-imports': [ '7.29.7' ],
15 silly audit   '@babel/helper-module-transforms': [ '7.29.7' ],
15 silly audit   '@babel/helper-plugin-utils': [ '7.29.7' ],
15 silly audit   '@babel/helper-string-parser': [ '7.29.7' ],
15 silly audit   '@babel/helper-validator-identifier': [ '7.29.7' ],
15 silly audit   '@babel/helper-validator-option': [ '7.29.7' ],
15 silly audit   '@babel/helpers': [ '7.29.7' ],
15 silly audit   '@babel/parser': [ '7.29.7' ],
15 silly audit   '@babel/plugin-transform-react-jsx-self': [ '7.29.7' ],
15 silly audit   '@babel/plugin-transform-react-jsx-source': [ '7.29.7' ],
15 silly audit   '@babel/template': [ '7.29.7' ],
15 silly audit   '@babel/traverse': [ '7.29.7' ],
15 silly audit   '@babel/types': [ '7.29.7' ],
15 silly audit   '@esbuild/aix-ppc64': [ '0.25.12', '0.28.0' ],
15 silly audit   '@esbuild/android-arm': [ '0.25.12', '0.28.0' ],
15 silly audit   '@esbuild/android-arm64': [ '0.25.12', '0.28.0' ],
15 silly audit   '@esbuild/android-x64': [ '0.25.12', '0.28.0' ],
15 silly audit   '@esbuild/darwin-arm64': [ '0.25.12', '0.28.0' ],
15 silly audit   '@esbuild/darwin-x64': [ '0.25.12', '0.28.0' ],
15 silly audit   '@esbuild/freebsd-arm64': [ '0.25.12', '0.28.0' ],
15 silly audit   '@esbuild/freebsd-x64': [ '0.25.12', '0.28.0' ],
15 silly audit   '@esbuild/linux-arm': [ '0.25.12', '0.28.0' ],
15 silly audit   '@esbuild/linux-arm64': [ '0.25.12', '0.28.0' ],
15 silly audit   '@esbuild/linux-ia32': [ '0.25.12', '0.28.0' ],
15 silly audit   '@esbuild/linux-loong64': [ '0.25.12', '0.28.0' ],
15 silly audit   '@esbuild/linux-mips64el': [ '0.25.12', '0.28.0' ],
15 silly audit   '@esbuild/linux-ppc64': [ '0.25.12', '0.28.0' ],
15 silly audit   '@esbuild/linux-riscv64': [ '0.25.12', '0.28.0' ],
15 silly audit   '@esbuild/linux-s390x': [ '0.25.12', '0.28.0' ],
15 silly audit   '@esbuild/linux-x64': [ '0.25.12', '0.28.0' ],
15 silly audit   '@esbuild/netbsd-arm64': [ '0.25.12', '0.28.0' ],
15 silly audit   '@esbuild/netbsd-x64': [ '0.25.12', '0.28.0' ],
15 silly audit   '@esbuild/openbsd-arm64': [ '0.25.12', '0.28.0' ],
15 silly audit   '@esbuild/openbsd-x64': [ '0.25.12', '0.28.0' ],
15 silly audit   '@esbuild/openharmony-arm64': [ '0.25.12', '0.28.0' ],
15 silly audit   '@esbuild/sunos-x64': [ '0.25.12', '0.28.0' ],
15 silly audit   '@esbuild/win32-arm64': [ '0.25.12', '0.28.0' ],
15 silly audit   '@esbuild/win32-ia32': [ '0.25.12', '0.28.0' ],
15 silly audit   '@esbuild/win32-x64': [ '0.25.12', '0.28.0' ],
15 silly audit   '@google/genai': [ '2.8.0' ],
15 silly audit   '@jridgewell/gen-mapping': [ '0.3.13' ],
15 silly audit   '@jridgewell/remapping': [ '2.3.5' ],
15 silly audit   '@jridgewell/resolve-uri': [ '3.1.2' ],
15 silly audit   '@jridgewell/sourcemap-codec': [ '1.5.5' ],
15 silly audit   '@jridgewell/trace-mapping': [ '0.3.31' ],
15 silly audit   '@protobufjs/aspromise': [ '1.1.2' ],
15 silly audit   '@protobufjs/base64': [ '1.1.2' ],
15 silly audit   '@protobufjs/codegen': [ '2.0.5' ],
15 silly audit   '@protobufjs/eventemitter': [ '1.1.1' ],
15 silly audit   '@protobufjs/fetch': [ '1.1.1' ],
15 silly audit   '@protobufjs/float': [ '1.0.2' ],
15 silly audit   '@protobufjs/inquire': [ '1.1.2' ],
15 silly audit   '@protobufjs/path': [ '1.1.2' ],
15 silly audit   '@protobufjs/pool': [ '1.1.0' ],
15 silly audit   '@protobufjs/utf8': [ '1.1.1' ],
15 silly audit   '@rolldown/pluginutils': [ '1.0.0-rc.3' ],
15 silly audit   '@rollup/rollup-android-arm-eabi': [ '4.61.1' ],
15 silly audit   '@rollup/rollup-android-arm64': [ '4.61.1' ],
15 silly audit   '@rollup/rollup-darwin-arm64': [ '4.61.1' ],
15 silly audit   '@rollup/rollup-darwin-x64': [ '4.61.1' ],
15 silly audit   '@rollup/rollup-freebsd-arm64': [ '4.61.1' ],
15 silly audit   '@rollup/rollup-freebsd-x64': [ '4.61.1' ],
15 silly audit   '@rollup/rollup-linux-arm-gnueabihf': [ '4.61.1' ],
15 silly audit   '@rollup/rollup-linux-arm-musleabihf': [ '4.61.1' ],
15 silly audit   '@rollup/rollup-linux-arm64-gnu': [ '4.61.1' ],
15 silly audit   '@rollup/rollup-linux-arm64-musl': [ '4.61.1' ],
15 silly audit   '@rollup/rollup-linux-loong64-gnu': [ '4.61.1' ],
15 silly audit   '@rollup/rollup-linux-loong64-musl': [ '4.61.1' ],
15 silly audit   '@rollup/rollup-linux-ppc64-gnu': [ '4.61.1' ],
15 silly audit   '@rollup/rollup-linux-ppc64-musl': [ '4.61.1' ],
15 silly audit   '@rollup/rollup-linux-riscv64-gnu': [ '4.61.1' ],
15 silly audit   '@rollup/rollup-linux-riscv64-musl': [ '4.61.1' ],
15 silly audit   '@rollup/rollup-linux-s390x-gnu': [ '4.61.1' ],
15 silly audit   '@rollup/rollup-linux-x64-gnu': [ '4.61.1' ],
15 silly audit   '@rollup/rollup-linux-x64-musl': [ '4.61.1' ],
15 silly audit   '@rollup/rollup-openbsd-x64': [ '4.61.1' ],
15 silly audit   '@rollup/rollup-openharmony-arm64': [ '4.61.1' ],
15 silly audit   '@rollup/rollup-win32-arm64-msvc': [ '4.61.1' ],
15 silly audit   '@rollup/rollup-win32-ia32-msvc': [ '4.61.1' ],
15 silly audit   '@rollup/rollup-win32-x64-gnu': [ '4.61.1' ],
15 silly audit   '@rollup/rollup-win32-x64-msvc': [ '4.61.1' ],
15 silly audit   '@tailwindcss/node': [ '4.3.0' ],
15 silly audit   '@tailwindcss/oxide': [ '4.3.0' ],
15 silly audit   '@tailwindcss/oxide-android-arm64': [ '4.3.0' ],
15 silly audit   '@tailwindcss/oxide-darwin-arm64': [ '4.3.0' ],
15 silly audit   '@tailwindcss/oxide-darwin-x64': [ '4.3.0' ],
15 silly audit   '@tailwindcss/oxide-freebsd-x64': [ '4.3.0' ],
15 silly audit   '@tailwindcss/oxide-linux-arm-gnueabihf': [ '4.3.0' ],
15 silly audit   '@tailwindcss/oxide-linux-arm64-gnu': [ '4.3.0' ],
15 silly audit   '@tailwindcss/oxide-linux-arm64-musl': [ '4.3.0' ],
15 silly audit   '@tailwindcss/oxide-linux-x64-gnu': [ '4.3.0' ],
15 silly audit   '@tailwindcss/oxide-linux-x64-musl': [ '4.3.0' ],
15 silly audit   '@tailwindcss/oxide-wasm32-wasi': [ '4.3.0' ],
15 silly audit   '@tailwindcss/oxide-win32-arm64-msvc': [ '4.3.0' ],
15 silly audit   '@tailwindcss/oxide-win32-x64-msvc': [ '4.3.0' ],
15 silly audit   '@tailwindcss/vite': [ '4.3.0' ],
15 silly audit   '@types/babel__core': [ '7.20.5' ],
15 silly audit   '@types/babel__generator': [ '7.27.0' ],
15 silly audit   '@types/babel__template': [ '7.4.4' ],
15 silly audit   '@types/babel__traverse': [ '7.28.0' ],
15 silly audit   '@types/body-parser': [ '1.19.6' ],
15 silly audit   '@types/connect': [ '3.4.38' ],
15 silly audit   '@types/estree': [ '1.0.9' ],
15 silly audit   '@types/express': [ '4.17.25' ],
15 silly audit   '@types/express-serve-static-core': [ '4.19.8' ],
15 silly audit   '@types/http-errors': [ '2.0.5' ],
15 silly audit   '@types/mime': [ '1.3.5' ],
15 silly audit   '@types/node': [ '22.19.20' ],
15 silly audit   '@types/qs': [ '6.15.1' ],
15 silly audit   '@types/range-parser': [ '1.2.7' ],
15 silly audit   '@types/retry': [ '0.12.0' ],
15 silly audit   '@types/send': [ '1.2.1', '0.17.6' ],
15 silly audit   '@types/serve-static': [ '1.15.10' ],
15 silly audit   '@vitejs/plugin-react': [ '5.2.0' ],
15 silly audit   accepts: [ '1.3.8' ],
15 silly audit   'agent-base': [ '7.1.4' ],
15 silly audit   'array-flatten': [ '1.1.1' ],
15 silly audit   autoprefixer: [ '10.5.0' ],
15 silly audit   'base64-js': [ '1.5.1' ],
15 silly audit   'baseline-browser-mapping': [ '2.10.35' ],
15 silly audit   'bignumber.js': [ '9.3.1' ],
15 silly audit   'body-parser': [ '1.20.5' ],
15 silly audit   debug: [ '2.6.9', '4.4.3' ],
15 silly audit   ms: [ '2.0.0', '2.1.3' ],
15 silly audit   browserslist: [ '4.28.2' ],
15 silly audit   'buffer-equal-constant-time': [ '1.0.1' ],
15 silly audit   bytes: [ '3.1.2' ],
15 silly audit   'call-bind-apply-helpers': [ '1.0.2' ],
15 silly audit   'call-bound': [ '1.0.4' ],
15 silly audit   'caniuse-lite': [ '1.0.30001797' ],
15 silly audit   'content-disposition': [ '0.5.4' ],
15 silly audit   'content-type': [ '1.0.5' ],
15 silly audit   'convert-source-map': [ '2.0.0' ],
15 silly audit   cookie: [ '0.7.2' ],
15 silly audit   'cookie-signature': [ '1.0.7' ],
15 silly audit   'data-uri-to-buffer': [ '4.0.1' ],
15 silly audit   depd: [ '2.0.0' ],
15 silly audit   destroy: [ '1.2.0' ],
15 silly audit   'detect-libc': [ '2.1.2' ],
15 silly audit   dotenv: [ '17.4.2' ],
15 silly audit   'dunder-proto': [ '1.0.1' ],
15 silly audit   'ecdsa-sig-formatter': [ '1.0.11' ],
15 silly audit   'ee-first': [ '1.1.1' ],
15 silly audit   'electron-to-chromium': [ '1.5.371' ],
15 silly audit   encodeurl: [ '2.0.0' ],
15 silly audit   'enhanced-resolve': [ '5.23.0' ],
15 silly audit   'es-define-property': [ '1.0.1' ],
15 silly audit   'es-errors': [ '1.3.0' ],
15 silly audit   'es-object-atoms': [ '1.1.2' ],
15 silly audit   'es6-promise': [ '4.2.8' ],
15 silly audit   esbuild: [ '0.25.12', '0.28.0' ],
15 silly audit   escalade: [ '3.2.0' ],
15 silly audit   'escape-html': [ '1.0.3' ],
15 silly audit   etag: [ '1.8.1' ],
15 silly audit   express: [ '4.22.2' ],
15 silly audit   extend: [ '3.0.2' ],
15 silly audit   fdir: [ '6.5.0' ],
15 silly audit   'fetch-blob': [ '3.2.0' ],
15 silly audit   finalhandler: [ '1.3.2' ],
15 silly audit   'formdata-polyfill': [ '4.0.10' ],
15 silly audit   forwarded: [ '0.2.0' ],
15 silly audit   'fraction.js': [ '5.3.4' ],
15 silly audit   'framer-motion': [ '12.40.0' ],
15 silly audit   fresh: [ '0.5.2' ],
15 silly audit   fsevents: [ '2.3.3' ],
15 silly audit   'function-bind': [ '1.1.2' ],
15 silly audit   gaxios: [ '7.1.5' ],
15 silly audit   'gcp-metadata': [ '8.1.2' ],
15 silly audit   gensync: [ '1.0.0-beta.2' ],
15 silly audit   'get-intrinsic': [ '1.3.0' ],
15 silly audit   'get-proto': [ '1.0.1' ],
15 silly audit   'google-auth-library': [ '10.7.0' ],
15 silly audit   'google-logging-utils': [ '1.1.3' ],
15 silly audit   gopd: [ '1.2.0' ],
15 silly audit   'graceful-fs': [ '4.2.11' ],
15 silly audit   'has-symbols': [ '1.1.0' ],
15 silly audit   hasown: [ '2.0.4' ],
15 silly audit   'http-errors': [ '2.0.1' ],
15 silly audit   'https-proxy-agent': [ '7.0.6' ],
15 silly audit   'iconv-lite': [ '0.4.24' ],
15 silly audit   inherits: [ '2.0.4' ],
15 silly audit   'ipaddr.js': [ '1.9.1' ],
15 silly audit   jiti: [ '2.7.0' ],
15 silly audit   'js-tokens': [ '4.0.0' ],
15 silly audit   jsesc: [ '3.1.0' ],
15 silly audit   'json-bigint': [ '1.0.0' ],
15 silly audit   json5: [ '2.2.3' ],
15 silly audit   jwa: [ '2.0.1' ],
15 silly audit   jws: [ '4.0.1' ],
15 silly audit   lightningcss: [ '1.32.0' ],
15 silly audit   'lightningcss-android-arm64': [ '1.32.0' ],
15 silly audit   'lightningcss-darwin-arm64': [ '1.32.0' ],
15 silly audit   'lightningcss-darwin-x64': [ '1.32.0' ],
15 silly audit   'lightningcss-freebsd-x64': [ '1.32.0' ],
15 silly audit   'lightningcss-linux-arm-gnueabihf': [ '1.32.0' ],
15 silly audit   'lightningcss-linux-arm64-gnu': [ '1.32.0' ],
15 silly audit   'lightningcss-linux-arm64-musl': [ '1.32.0' ],
15 silly audit   'lightningcss-linux-x64-gnu': [ '1.32.0' ],
15 silly audit   'lightningcss-linux-x64-musl': [ '1.32.0' ],
15 silly audit   'lightningcss-win32-arm64-msvc': [ '1.32.0' ],
15 silly audit   'lightningcss-win32-x64-msvc': [ '1.32.0' ],
15 silly audit   long: [ '5.3.2' ],
15 silly audit   'lru-cache': [ '5.1.1' ],
15 silly audit   'lucide-react': [ '0.546.0' ],
15 silly audit   'magic-string': [ '0.30.21' ],
15 silly audit   'math-intrinsics': [ '1.1.0' ],
15 silly audit   'media-typer': [ '0.3.0' ],
15 silly audit   'merge-descriptors': [ '1.0.3' ],
15 silly audit   methods: [ '1.1.2' ],
15 silly audit   mime: [ '1.6.0' ],
15 silly audit   'mime-db': [ '1.52.0' ],
15 silly audit   'mime-types': [ '2.1.35' ],
15 silly audit   motion: [ '12.40.0' ],
15 silly audit   'motion-dom': [ '12.40.0' ],
15 silly audit   'motion-utils': [ '12.39.0' ],
15 silly audit   'mpegts.js': [ '1.8.0' ],
15 silly audit   nanoid: [ '3.3.12' ],
15 silly audit   negotiator: [ '0.6.3' ],
15 silly audit   'node-domexception': [ '1.0.0' ],
15 silly audit   'node-fetch': [ '3.3.2' ],
15 silly audit   'node-releases': [ '2.0.47' ],
15 silly audit   'object-inspect': [ '1.13.4' ],
15 silly audit   'on-finished': [ '2.4.1' ],
15 silly audit   'p-retry': [ '4.6.2' ],
15 silly audit   parseurl: [ '1.3.3' ],
15 silly audit   'path-to-regexp': [ '0.1.13' ],
15 silly audit   picocolors: [ '1.1.1' ],
15 silly audit   picomatch: [ '4.0.4' ],
15 silly audit   postcss: [ '8.5.15' ],
15 silly audit   'postcss-value-parser': [ '4.2.0' ],
15 silly audit   protobufjs: [ '7.6.3' ],
15 silly audit   'proxy-addr': [ '2.0.7' ],
15 silly audit   qs: [ '6.15.2' ],
15 silly audit   'range-parser': [ '1.2.1' ],
15 silly audit   'raw-body': [ '2.5.3' ],
15 silly audit   react: [ '19.2.7' ],
15 silly audit   'react-dom': [ '19.2.7' ],
15 silly audit   'react-refresh': [ '0.18.0' ],
15 silly audit   retry: [ '0.13.1' ],
15 silly audit   rollup: [ '4.61.1' ],
15 silly audit   'safe-buffer': [ '5.2.1' ],
15 silly audit   'safer-buffer': [ '2.1.2' ],
15 silly audit   scheduler: [ '0.27.0' ],
15 silly audit   semver: [ '6.3.1' ],
15 silly audit   send: [ '0.19.2' ],
15 silly audit   'serve-static': [ '1.16.3' ],
15 silly audit   setprototypeof: [ '1.2.0' ],
15 silly audit   'side-channel': [ '1.1.1' ],
15 silly audit   'side-channel-list': [ '1.0.1' ],
15 silly audit   'side-channel-map': [ '1.0.1' ],
15 silly audit   'side-channel-weakmap': [ '1.0.2' ],
15 silly audit   'source-map-js': [ '1.2.1' ],
15 silly audit   statuses: [ '2.0.2' ],
15 silly audit   tailwindcss: [ '4.3.0' ],
15 silly audit   tapable: [ '2.3.3' ],
15 silly audit   tinyglobby: [ '0.2.17' ],
15 silly audit   toidentifier: [ '1.0.1' ],
15 silly audit   tslib: [ '2.8.1' ],
15 silly audit   tsx: [ '4.22.4' ],
15 silly audit   'type-is': [ '1.6.18' ],
15 silly audit   typescript: [ '5.8.3' ],
15 silly audit   'undici-types': [ '6.21.0' ],
15 silly audit   unpipe: [ '1.0.0' ],
15 silly audit   'update-browserslist-db': [ '1.2.3' ],
15 silly audit   'utils-merge': [ '1.0.1' ],
15 silly audit   vary: [ '1.1.2' ],
15 silly audit   vite: [ '6.4.3' ],
15 silly audit   'web-streams-polyfill': [ '3.3.3' ],
15 silly audit   'webworkify-webpack': [ '2.1.5' ],
15 silly audit   ws: [ '8.21.0' ],
15 silly audit   yallist: [ '3.1.1' ]
15 silly audit }
16 http cache ws@https://registry.npmjs.org/ws/-/ws-8.21.0.tgz 2ms (cache hit)
17 http cache web-streams-polyfill@https://registry.npmjs.org/web-streams-polyfill/-/web-streams-polyfill-3.3.3.tgz 0ms (cache hit)
18 http cache vite@https://registry.npmjs.org/vite/-/vite-6.4.3.tgz 0ms (cache hit)
19 http cache vary@https://registry.npmjs.org/vary/-/vary-1.1.2.tgz 0ms (cache hit)
20 http cache utils-merge@https://registry.npmjs.org/utils-merge/-/utils-merge-1.0.1.tgz 0ms (cache hit)
21 http cache update-browserslist-db@https://registry.npmjs.org/update-browserslist-db/-/update-browserslist-db-1.2.3.tgz 0ms (cache hit)
22 http cache unpipe@https://registry.npmjs.org/unpipe/-/unpipe-1.0.0.tgz 0ms (cache hit)
23 http cache typescript@https://registry.npmjs.org/typescript/-/typescript-5.8.3.tgz 0ms (cache hit)
24 http cache undici-types@https://registry.npmjs.org/undici-types/-/undici-types-6.21.0.tgz 0ms (cache hit)
25 http cache type-is@https://registry.npmjs.org/type-is/-/type-is-1.6.18.tgz 0ms (cache hit)
26 http cache tsx@https://registry.npmjs.org/tsx/-/tsx-4.22.4.tgz 0ms (cache hit)
27 http cache toidentifier@https://registry.npmjs.org/toidentifier/-/toidentifier-1.0.1.tgz 0ms (cache hit)
28 http cache tslib@https://registry.npmjs.org/tslib/-/tslib-2.8.1.tgz 0ms (cache hit)
29 http cache tinyglobby@https://registry.npmjs.org/tinyglobby/-/tinyglobby-0.2.17.tgz 0ms (cache hit)
30 http cache tapable@https://registry.npmjs.org/tapable/-/tapable-2.3.3.tgz 0ms (cache hit)
31 http cache tailwindcss@https://registry.npmjs.org/tailwindcss/-/tailwindcss-4.3.0.tgz 0ms (cache hit)
32 http cache statuses@https://registry.npmjs.org/statuses/-/statuses-2.0.2.tgz 0ms (cache hit)
33 http cache source-map-js@https://registry.npmjs.org/source-map-js/-/source-map-js-1.2.1.tgz 0ms (cache hit)
34 http cache side-channel-weakmap@https://registry.npmjs.org/side-channel-weakmap/-/side-channel-weakmap-1.0.2.tgz 0ms (cache hit)
35 http cache side-channel-map@https://registry.npmjs.org/side-channel-map/-/side-channel-map-1.0.1.tgz 0ms (cache hit)
36 http cache side-channel@https://registry.npmjs.org/side-channel/-/side-channel-1.1.1.tgz 0ms (cache hit)
37 http cache yallist@https://registry.npmjs.org/yallist/-/yallist-3.1.1.tgz 0ms (cache hit)
38 http cache setprototypeof@https://registry.npmjs.org/setprototypeof/-/setprototypeof-1.2.0.tgz 0ms (cache hit)
39 http cache serve-static@https://registry.npmjs.org/serve-static/-/serve-static-1.16.3.tgz 0ms (cache hit)
40 http cache send@https://registry.npmjs.org/send/-/send-0.19.2.tgz 0ms (cache hit)
41 http cache semver@https://registry.npmjs.org/semver/-/semver-6.3.1.tgz 0ms (cache hit)
42 http cache scheduler@https://registry.npmjs.org/scheduler/-/scheduler-0.27.0.tgz 0ms (cache hit)
43 http cache safer-buffer@https://registry.npmjs.org/safer-buffer/-/safer-buffer-2.1.2.tgz 0ms (cache hit)
44 http cache safe-buffer@https://registry.npmjs.org/safe-buffer/-/safe-buffer-5.2.1.tgz 0ms (cache hit)
45 http cache rollup@https://registry.npmjs.org/rollup/-/rollup-4.61.1.tgz 0ms (cache hit)
46 http cache retry@https://registry.npmjs.org/retry/-/retry-0.13.1.tgz 0ms (cache hit)
47 http cache react-refresh@https://registry.npmjs.org/react-refresh/-/react-refresh-0.18.0.tgz 0ms (cache hit)
48 http cache react-dom@https://registry.npmjs.org/react-dom/-/react-dom-19.2.7.tgz 0ms (cache hit)
49 http cache react@https://registry.npmjs.org/react/-/react-19.2.7.tgz 0ms (cache hit)
50 http cache raw-body@https://registry.npmjs.org/raw-body/-/raw-body-2.5.3.tgz 0ms (cache hit)
51 http cache range-parser@https://registry.npmjs.org/range-parser/-/range-parser-1.2.1.tgz 0ms (cache hit)
52 http cache qs@https://registry.npmjs.org/qs/-/qs-6.15.2.tgz 0ms (cache hit)
53 http cache proxy-addr@https://registry.npmjs.org/proxy-addr/-/proxy-addr-2.0.7.tgz 0ms (cache hit)
54 http cache protobufjs@https://registry.npmjs.org/protobufjs/-/protobufjs-7.6.3.tgz 0ms (cache hit)
55 http cache postcss-value-parser@https://registry.npmjs.org/postcss-value-parser/-/postcss-value-parser-4.2.0.tgz 0ms (cache hit)
56 http cache postcss@https://registry.npmjs.org/postcss/-/postcss-8.5.15.tgz 0ms (cache hit)
57 http cache picomatch@https://registry.npmjs.org/picomatch/-/picomatch-4.0.4.tgz 0ms (cache hit)
58 http cache picocolors@https://registry.npmjs.org/picocolors/-/picocolors-1.1.1.tgz 0ms (cache hit)
59 http cache path-to-regexp@https://registry.npmjs.org/path-to-regexp/-/path-to-regexp-0.1.13.tgz 0ms (cache hit)
60 http cache parseurl@https://registry.npmjs.org/parseurl/-/parseurl-1.3.3.tgz 0ms (cache hit)
61 http cache p-retry@https://registry.npmjs.org/p-retry/-/p-retry-4.6.2.tgz 0ms (cache hit)
62 http cache on-finished@https://registry.npmjs.org/on-finished/-/on-finished-2.4.1.tgz 0ms (cache hit)
63 http cache object-inspect@https://registry.npmjs.org/object-inspect/-/object-inspect-1.13.4.tgz 0ms (cache hit)
64 http cache node-releases@https://registry.npmjs.org/node-releases/-/node-releases-2.0.47.tgz 0ms (cache hit)
65 http cache node-fetch@https://registry.npmjs.org/node-fetch/-/node-fetch-3.3.2.tgz 0ms (cache hit)
66 http cache node-domexception@https://registry.npmjs.org/node-domexception/-/node-domexception-1.0.0.tgz 0ms (cache hit)
67 http cache negotiator@https://registry.npmjs.org/negotiator/-/negotiator-0.6.3.tgz 0ms (cache hit)
68 http cache ms@https://registry.npmjs.org/ms/-/ms-2.1.3.tgz 0ms (cache hit)
69 http cache nanoid@https://registry.npmjs.org/nanoid/-/nanoid-3.3.12.tgz 0ms (cache hit)
70 http cache mpegts.js@https://registry.npmjs.org/mpegts.js/-/mpegts.js-1.8.0.tgz 0ms (cache hit)
71 http cache motion-utils@https://registry.npmjs.org/motion-utils/-/motion-utils-12.39.0.tgz 0ms (cache hit)
72 http cache motion-dom@https://registry.npmjs.org/motion-dom/-/motion-dom-12.40.0.tgz 0ms (cache hit)
73 http cache motion@https://registry.npmjs.org/motion/-/motion-12.40.0.tgz 0ms (cache hit)
74 http cache mime-types@https://registry.npmjs.org/mime-types/-/mime-types-2.1.35.tgz 0ms (cache hit)
75 http cache mime-db@https://registry.npmjs.org/mime-db/-/mime-db-1.52.0.tgz 0ms (cache hit)
76 http cache mime@https://registry.npmjs.org/mime/-/mime-1.6.0.tgz 0ms (cache hit)
77 http cache methods@https://registry.npmjs.org/methods/-/methods-1.1.2.tgz 0ms (cache hit)
78 http cache merge-descriptors@https://registry.npmjs.org/merge-descriptors/-/merge-descriptors-1.0.3.tgz 0ms (cache hit)
79 http cache media-typer@https://registry.npmjs.org/media-typer/-/media-typer-0.3.0.tgz 0ms (cache hit)
80 http cache math-intrinsics@https://registry.npmjs.org/math-intrinsics/-/math-intrinsics-1.1.0.tgz 0ms (cache hit)
81 http cache magic-string@https://registry.npmjs.org/magic-string/-/magic-string-0.30.21.tgz 0ms (cache hit)
82 http cache lucide-react@https://registry.npmjs.org/lucide-react/-/lucide-react-0.546.0.tgz 0ms (cache hit)
83 http cache lru-cache@https://registry.npmjs.org/lru-cache/-/lru-cache-5.1.1.tgz 0ms (cache hit)
84 http cache long@https://registry.npmjs.org/long/-/long-5.3.2.tgz 0ms (cache hit)
85 http cache lightningcss-android-arm64@https://registry.npmjs.org/lightningcss-android-arm64/-/lightningcss-android-arm64-1.32.0.tgz 0ms (cache hit)
86 http cache lightningcss@https://registry.npmjs.org/lightningcss/-/lightningcss-1.32.0.tgz 1ms (cache hit)
87 http cache jws@https://registry.npmjs.org/jws/-/jws-4.0.1.tgz 0ms (cache hit)
88 http cache jwa@https://registry.npmjs.org/jwa/-/jwa-2.0.1.tgz 0ms (cache hit)
89 http cache json5@https://registry.npmjs.org/json5/-/json5-2.2.3.tgz 0ms (cache hit)
90 http cache json-bigint@https://registry.npmjs.org/json-bigint/-/json-bigint-1.0.0.tgz 0ms (cache hit)
91 http cache jsesc@https://registry.npmjs.org/jsesc/-/jsesc-3.1.0.tgz 0ms (cache hit)
92 http cache js-tokens@https://registry.npmjs.org/js-tokens/-/js-tokens-4.0.0.tgz 0ms (cache hit)
93 http cache jiti@https://registry.npmjs.org/jiti/-/jiti-2.7.0.tgz 0ms (cache hit)
94 http cache ipaddr.js@https://registry.npmjs.org/ipaddr.js/-/ipaddr.js-1.9.1.tgz 0ms (cache hit)
95 http cache inherits@https://registry.npmjs.org/inherits/-/inherits-2.0.4.tgz 0ms (cache hit)
96 http cache iconv-lite@https://registry.npmjs.org/iconv-lite/-/iconv-lite-0.4.24.tgz 0ms (cache hit)
97 http cache https-proxy-agent@https://registry.npmjs.org/https-proxy-agent/-/https-proxy-agent-7.0.6.tgz 0ms (cache hit)
98 http cache http-errors@https://registry.npmjs.org/http-errors/-/http-errors-2.0.1.tgz 0ms (cache hit)
99 http cache hasown@https://registry.npmjs.org/hasown/-/hasown-2.0.4.tgz 0ms (cache hit)
100 http cache has-symbols@https://registry.npmjs.org/has-symbols/-/has-symbols-1.1.0.tgz 0ms (cache hit)
101 http cache graceful-fs@https://registry.npmjs.org/graceful-fs/-/graceful-fs-4.2.11.tgz 0ms (cache hit)
102 http cache gopd@https://registry.npmjs.org/gopd/-/gopd-1.2.0.tgz 0ms (cache hit)
103 http cache google-logging-utils@https://registry.npmjs.org/google-logging-utils/-/google-logging-utils-1.1.3.tgz 0ms (cache hit)
104 http cache google-auth-library@https://registry.npmjs.org/google-auth-library/-/google-auth-library-10.7.0.tgz 0ms (cache hit)
105 http cache get-proto@https://registry.npmjs.org/get-proto/-/get-proto-1.0.1.tgz 0ms (cache hit)
106 http cache get-intrinsic@https://registry.npmjs.org/get-intrinsic/-/get-intrinsic-1.3.0.tgz 0ms (cache hit)
107 http cache gcp-metadata@https://registry.npmjs.org/gcp-metadata/-/gcp-metadata-8.1.2.tgz 0ms (cache hit)
108 http cache gensync@https://registry.npmjs.org/gensync/-/gensync-1.0.0-beta.2.tgz 0ms (cache hit)
109 http cache gaxios@https://registry.npmjs.org/gaxios/-/gaxios-7.1.5.tgz 0ms (cache hit)
110 http cache fresh@https://registry.npmjs.org/fresh/-/fresh-0.5.2.tgz 0ms (cache hit)
111 http cache framer-motion@https://registry.npmjs.org/framer-motion/-/framer-motion-12.40.0.tgz 0ms (cache hit)
112 http cache fraction.js@https://registry.npmjs.org/fraction.js/-/fraction.js-5.3.4.tgz 0ms (cache hit)
113 http cache forwarded@https://registry.npmjs.org/forwarded/-/forwarded-0.2.0.tgz 0ms (cache hit)
114 http cache function-bind@https://registry.npmjs.org/function-bind/-/function-bind-1.1.2.tgz 0ms (cache hit)
115 http cache fetch-blob@https://registry.npmjs.org/fetch-blob/-/fetch-blob-3.2.0.tgz 0ms (cache hit)
116 http cache finalhandler@https://registry.npmjs.org/finalhandler/-/finalhandler-1.3.2.tgz 0ms (cache hit)
117 http cache fdir@https://registry.npmjs.org/fdir/-/fdir-6.5.0.tgz 0ms (cache hit)
118 http cache extend@https://registry.npmjs.org/extend/-/extend-3.0.2.tgz 0ms (cache hit)
119 http cache etag@https://registry.npmjs.org/etag/-/etag-1.8.1.tgz 0ms (cache hit)
120 http cache express@https://registry.npmjs.org/express/-/express-4.22.2.tgz 0ms (cache hit)
121 http cache escape-html@https://registry.npmjs.org/escape-html/-/escape-html-1.0.3.tgz 0ms (cache hit)
122 http cache escalade@https://registry.npmjs.org/escalade/-/escalade-3.2.0.tgz 0ms (cache hit)
123 http cache esbuild@https://registry.npmjs.org/esbuild/-/esbuild-0.25.12.tgz 0ms (cache hit)
124 http cache es6-promise@https://registry.npmjs.org/es6-promise/-/es6-promise-4.2.8.tgz 0ms (cache hit)
125 http cache es-object-atoms@https://registry.npmjs.org/es-object-atoms/-/es-object-atoms-1.1.2.tgz 0ms (cache hit)
126 http cache formdata-polyfill@https://registry.npmjs.org/formdata-polyfill/-/formdata-polyfill-4.0.10.tgz 0ms (cache hit)
127 http cache es-define-property@https://registry.npmjs.org/es-define-property/-/es-define-property-1.0.1.tgz 0ms (cache hit)
128 http cache es-errors@https://registry.npmjs.org/es-errors/-/es-errors-1.3.0.tgz 0ms (cache hit)
129 http cache enhanced-resolve@https://registry.npmjs.org/enhanced-resolve/-/enhanced-resolve-5.23.0.tgz 0ms (cache hit)
130 http cache encodeurl@https://registry.npmjs.org/encodeurl/-/encodeurl-2.0.0.tgz 0ms (cache hit)
131 http cache electron-to-chromium@https://registry.npmjs.org/electron-to-chromium/-/electron-to-chromium-1.5.371.tgz 0ms (cache hit)
132 http cache ee-first@https://registry.npmjs.org/ee-first/-/ee-first-1.1.1.tgz 0ms (cache hit)
133 http cache ecdsa-sig-formatter@https://registry.npmjs.org/ecdsa-sig-formatter/-/ecdsa-sig-formatter-1.0.11.tgz 0ms (cache hit)
134 http cache dunder-proto@https://registry.npmjs.org/dunder-proto/-/dunder-proto-1.0.1.tgz 0ms (cache hit)
135 http cache dotenv@https://registry.npmjs.org/dotenv/-/dotenv-17.4.2.tgz 0ms (cache hit)
136 http cache detect-libc@https://registry.npmjs.org/detect-libc/-/detect-libc-2.1.2.tgz 0ms (cache hit)
137 http cache destroy@https://registry.npmjs.org/destroy/-/destroy-1.2.0.tgz 0ms (cache hit)
138 http cache depd@https://registry.npmjs.org/depd/-/depd-2.0.0.tgz 0ms (cache hit)
139 http cache debug@https://registry.npmjs.org/debug/-/debug-4.4.3.tgz 0ms (cache hit)
140 http cache data-uri-to-buffer@https://registry.npmjs.org/data-uri-to-buffer/-/data-uri-to-buffer-4.0.1.tgz 0ms (cache hit)
141 http cache cookie-signature@https://registry.npmjs.org/cookie-signature/-/cookie-signature-1.0.7.tgz 0ms (cache hit)
142 http cache cookie@https://registry.npmjs.org/cookie/-/cookie-0.7.2.tgz 0ms (cache hit)
143 http cache convert-source-map@https://registry.npmjs.org/convert-source-map/-/convert-source-map-2.0.0.tgz 0ms (cache hit)
144 http cache content-type@https://registry.npmjs.org/content-type/-/content-type-1.0.5.tgz 0ms (cache hit)
145 http cache content-disposition@https://registry.npmjs.org/content-disposition/-/content-disposition-0.5.4.tgz 0ms (cache hit)
146 http cache caniuse-lite@https://registry.npmjs.org/caniuse-lite/-/caniuse-lite-1.0.30001797.tgz 0ms (cache hit)
147 http cache call-bound@https://registry.npmjs.org/call-bound/-/call-bound-1.0.4.tgz 0ms (cache hit)
148 http cache call-bind-apply-helpers@https://registry.npmjs.org/call-bind-apply-helpers/-/call-bind-apply-helpers-1.0.2.tgz 0ms (cache hit)
149 http cache bytes@https://registry.npmjs.org/bytes/-/bytes-3.1.2.tgz 0ms (cache hit)
150 http cache buffer-equal-constant-time@https://registry.npmjs.org/buffer-equal-constant-time/-/buffer-equal-constant-time-1.0.1.tgz 0ms (cache hit)
151 http cache browserslist@https://registry.npmjs.org/browserslist/-/browserslist-4.28.2.tgz 0ms (cache hit)
152 http cache body-parser@https://registry.npmjs.org/body-parser/-/body-parser-1.20.5.tgz 0ms (cache hit)
153 http cache bignumber.js@https://registry.npmjs.org/bignumber.js/-/bignumber.js-9.3.1.tgz 0ms (cache hit)
154 http cache baseline-browser-mapping@https://registry.npmjs.org/baseline-browser-mapping/-/baseline-browser-mapping-2.10.35.tgz 0ms (cache hit)
155 http cache autoprefixer@https://registry.npmjs.org/autoprefixer/-/autoprefixer-10.5.0.tgz 0ms (cache hit)
156 http cache array-flatten@https://registry.npmjs.org/array-flatten/-/array-flatten-1.1.1.tgz 0ms (cache hit)
157 http cache agent-base@https://registry.npmjs.org/agent-base/-/agent-base-7.1.4.tgz 0ms (cache hit)
158 http cache accepts@https://registry.npmjs.org/accepts/-/accepts-1.3.8.tgz 0ms (cache hit)
159 http cache @vitejs/plugin-react@https://registry.npmjs.org/@vitejs/plugin-react/-/plugin-react-5.2.0.tgz 0ms (cache hit)
160 http cache @types/serve-static@https://registry.npmjs.org/@types/serve-static/-/serve-static-1.15.10.tgz 0ms (cache hit)
161 http cache @types/send@https://registry.npmjs.org/@types/send/-/send-1.2.1.tgz 0ms (cache hit)
162 http cache @types/retry@https://registry.npmjs.org/@types/retry/-/retry-0.12.0.tgz 0ms (cache hit)
163 http cache @types/range-parser@https://registry.npmjs.org/@types/range-parser/-/range-parser-1.2.7.tgz 0ms (cache hit)
164 http cache @types/qs@https://registry.npmjs.org/@types/qs/-/qs-6.15.1.tgz 0ms (cache hit)
165 http cache @types/node@https://registry.npmjs.org/@types/node/-/node-22.19.20.tgz 0ms (cache hit)
166 http cache @types/mime@https://registry.npmjs.org/@types/mime/-/mime-1.3.5.tgz 0ms (cache hit)
167 http cache @types/http-errors@https://registry.npmjs.org/@types/http-errors/-/http-errors-2.0.5.tgz 0ms (cache hit)
168 http cache @types/express-serve-static-core@https://registry.npmjs.org/@types/express-serve-static-core/-/express-serve-static-core-4.19.8.tgz 0ms (cache hit)
169 http cache @types/express@https://registry.npmjs.org/@types/express/-/express-4.17.25.tgz 0ms (cache hit)
170 http cache @types/estree@https://registry.npmjs.org/@types/estree/-/estree-1.0.9.tgz 0ms (cache hit)
171 http cache @types/connect@https://registry.npmjs.org/@types/connect/-/connect-3.4.38.tgz 0ms (cache hit)
172 http cache @types/body-parser@https://registry.npmjs.org/@types/body-parser/-/body-parser-1.19.6.tgz 0ms (cache hit)
173 http cache @types/babel__traverse@https://registry.npmjs.org/@types/babel__traverse/-/babel__traverse-7.28.0.tgz 0ms (cache hit)
174 http cache @types/babel__template@https://registry.npmjs.org/@types/babel__template/-/babel__template-7.4.4.tgz 0ms (cache hit)
175 http cache @types/babel__generator@https://registry.npmjs.org/@types/babel__generator/-/babel__generator-7.27.0.tgz 0ms (cache hit)
176 http cache @types/babel__core@https://registry.npmjs.org/@types/babel__core/-/babel__core-7.20.5.tgz 0ms (cache hit)
177 http cache @tailwindcss/vite@https://registry.npmjs.org/@tailwindcss/vite/-/vite-4.3.0.tgz 0ms (cache hit)
178 http cache @tailwindcss/oxide-android-arm64@https://registry.npmjs.org/@tailwindcss/oxide-android-arm64/-/oxide-android-arm64-4.3.0.tgz 0ms (cache hit)
179 http cache @tailwindcss/oxide@https://registry.npmjs.org/@tailwindcss/oxide/-/oxide-4.3.0.tgz 0ms (cache hit)
180 http cache @tailwindcss/node@https://registry.npmjs.org/@tailwindcss/node/-/node-4.3.0.tgz 0ms (cache hit)
181 http cache @rollup/rollup-android-arm64@https://registry.npmjs.org/@rollup/rollup-android-arm64/-/rollup-android-arm64-4.61.1.tgz 0ms (cache hit)
182 http cache @rolldown/pluginutils@https://registry.npmjs.org/@rolldown/pluginutils/-/pluginutils-1.0.0-rc.3.tgz 0ms (cache hit)
183 http cache side-channel-list@https://registry.npmjs.org/side-channel-list/-/side-channel-list-1.0.1.tgz 0ms (cache hit)
184 http cache @protobufjs/utf8@https://registry.npmjs.org/@protobufjs/utf8/-/utf8-1.1.1.tgz 0ms (cache hit)
185 http cache @protobufjs/path@https://registry.npmjs.org/@protobufjs/path/-/path-1.1.2.tgz 0ms (cache hit)
186 http cache @protobufjs/pool@https://registry.npmjs.org/@protobufjs/pool/-/pool-1.1.0.tgz 1ms (cache hit)
187 http cache @protobufjs/inquire@https://registry.npmjs.org/@protobufjs/inquire/-/inquire-1.1.2.tgz 0ms (cache hit)
188 http cache @protobufjs/float@https://registry.npmjs.org/@protobufjs/float/-/float-1.0.2.tgz 0ms (cache hit)
189 http cache @protobufjs/fetch@https://registry.npmjs.org/@protobufjs/fetch/-/fetch-1.1.1.tgz 0ms (cache hit)
190 http cache @protobufjs/codegen@https://registry.npmjs.org/@protobufjs/codegen/-/codegen-2.0.5.tgz 0ms (cache hit)
191 http cache @protobufjs/eventemitter@https://registry.npmjs.org/@protobufjs/eventemitter/-/eventemitter-1.1.1.tgz 0ms (cache hit)
192 http cache @protobufjs/base64@https://registry.npmjs.org/@protobufjs/base64/-/base64-1.1.2.tgz 0ms (cache hit)
193 http cache @protobufjs/aspromise@https://registry.npmjs.org/@protobufjs/aspromise/-/aspromise-1.1.2.tgz 0ms (cache hit)
194 http cache @jridgewell/trace-mapping@https://registry.npmjs.org/@jridgewell/trace-mapping/-/trace-mapping-0.3.31.tgz 0ms (cache hit)
195 http cache @jridgewell/sourcemap-codec@https://registry.npmjs.org/@jridgewell/sourcemap-codec/-/sourcemap-codec-1.5.5.tgz 0ms (cache hit)
196 http cache @jridgewell/resolve-uri@https://registry.npmjs.org/@jridgewell/resolve-uri/-/resolve-uri-3.1.2.tgz 0ms (cache hit)
197 http cache @jridgewell/remapping@https://registry.npmjs.org/@jridgewell/remapping/-/remapping-2.3.5.tgz 0ms (cache hit)
198 http cache @jridgewell/gen-mapping@https://registry.npmjs.org/@jridgewell/gen-mapping/-/gen-mapping-0.3.13.tgz 0ms (cache hit)
199 http cache @google/genai@https://registry.npmjs.org/@google/genai/-/genai-2.8.0.tgz 0ms (cache hit)
200 http cache @esbuild/android-arm64@https://registry.npmjs.org/@esbuild/android-arm64/-/android-arm64-0.25.12.tgz 0ms (cache hit)
201 http cache @babel/types@https://registry.npmjs.org/@babel/types/-/types-7.29.7.tgz 0ms (cache hit)
202 http cache @babel/traverse@https://registry.npmjs.org/@babel/traverse/-/traverse-7.29.7.tgz 0ms (cache hit)
203 http cache @babel/template@https://registry.npmjs.org/@babel/template/-/template-7.29.7.tgz 0ms (cache hit)
204 http cache @babel/plugin-transform-react-jsx-source@https://registry.npmjs.org/@babel/plugin-transform-react-jsx-source/-/plugin-transform-react-jsx-source-7.29.7.tgz 0ms (cache hit)
205 http cache @babel/plugin-transform-react-jsx-self@https://registry.npmjs.org/@babel/plugin-transform-react-jsx-self/-/plugin-transform-react-jsx-self-7.29.7.tgz 0ms (cache hit)
206 http cache @babel/parser@https://registry.npmjs.org/@babel/parser/-/parser-7.29.7.tgz 0ms (cache hit)
207 http cache @babel/helper-validator-option@https://registry.npmjs.org/@babel/helper-validator-option/-/helper-validator-option-7.29.7.tgz 0ms (cache hit)
208 http cache @babel/helper-validator-identifier@https://registry.npmjs.org/@babel/helper-validator-identifier/-/helper-validator-identifier-7.29.7.tgz 0ms (cache hit)
209 http cache @babel/helper-string-parser@https://registry.npmjs.org/@babel/helper-string-parser/-/helper-string-parser-7.29.7.tgz 0ms (cache hit)
210 http cache @babel/helper-module-transforms@https://registry.npmjs.org/@babel/helper-module-transforms/-/helper-module-transforms-7.29.7.tgz 0ms (cache hit)
211 http cache @babel/helper-module-imports@https://registry.npmjs.org/@babel/helper-module-imports/-/helper-module-imports-7.29.7.tgz 0ms (cache hit)
212 http cache @babel/helper-globals@https://registry.npmjs.org/@babel/helper-globals/-/helper-globals-7.29.7.tgz 0ms (cache hit)
213 http cache @babel/helper-compilation-targets@https://registry.npmjs.org/@babel/helper-compilation-targets/-/helper-compilation-targets-7.29.7.tgz 0ms (cache hit)
214 http cache @babel/generator@https://registry.npmjs.org/@babel/generator/-/generator-7.29.7.tgz 0ms (cache hit)
215 http cache @babel/helpers@https://registry.npmjs.org/@babel/helpers/-/helpers-7.29.7.tgz 0ms (cache hit)
216 http cache @babel/core@https://registry.npmjs.org/@babel/core/-/core-7.29.7.tgz 0ms (cache hit)
217 http cache @babel/compat-data@https://registry.npmjs.org/@babel/compat-data/-/compat-data-7.29.7.tgz 0ms (cache hit)
218 http cache @babel/helper-plugin-utils@https://registry.npmjs.org/@babel/helper-plugin-utils/-/helper-plugin-utils-7.29.7.tgz 0ms (cache hit)
219 http cache @babel/code-frame@https://registry.npmjs.org/@babel/code-frame/-/code-frame-7.29.7.tgz 0ms (cache hit)
220 http cache esbuild@https://registry.npmjs.org/esbuild/-/esbuild-0.28.0.tgz 0ms (cache hit)
221 http cache @esbuild/android-arm64@https://registry.npmjs.org/@esbuild/android-arm64/-/android-arm64-0.28.0.tgz 0ms (cache hit)
222 http cache debug@https://registry.npmjs.org/debug/-/debug-2.6.9.tgz 0ms (cache hit)
223 http cache ms@https://registry.npmjs.org/ms/-/ms-2.0.0.tgz 0ms (cache hit)
224 http cache ms@https://registry.npmjs.org/ms/-/ms-2.0.0.tgz 0ms (cache hit)
225 http cache ms@https://registry.npmjs.org/ms/-/ms-2.0.0.tgz 0ms (cache hit)
226 http cache debug@https://registry.npmjs.org/debug/-/debug-2.6.9.tgz 0ms (cache hit)
227 http cache ms@https://registry.npmjs.org/ms/-/ms-2.0.0.tgz 0ms (cache hit)
228 http cache debug@https://registry.npmjs.org/debug/-/debug-2.6.9.tgz 0ms (cache hit)
229 http cache debug@https://registry.npmjs.org/debug/-/debug-2.6.9.tgz 0ms (cache hit)
230 http cache @types/send@https://registry.npmjs.org/@types/send/-/send-0.17.6.tgz 0ms (cache hit)
231 http cache base64-js@https://registry.npmjs.org/base64-js/-/base64-js-1.5.1.tgz 0ms (cache hit)
232 warn deprecated node-domexception@1.0.0: Use your platform's native DOMException instead
233 http fetch GET 200 https://codeload.github.com/xqq/webworkify-webpack/tar.gz/24d1e719b4a6cac37a518b2bb10fe124527ef4ef 785ms (cache revalidated)
234 http fetch POST 200 https://registry.npmjs.org/-/npm/v1/security/advisories/bulk 5809ms
235 silly audit report {}
236 silly packumentCache heap:2248146944 maxSize:562036736 maxEntrySize:281018368
237 warn gitignore-fallback No .npmignore file found, using .gitignore for file exclusion. Consider creating a .npmignore file to explicitly control published files.
238 info run @google/genai@2.8.0 preinstall node_modules/@google/genai echo 'preinstall: no-op'
239 info run @google/genai@2.8.0 preinstall { code: 0, signal: null }
240 info run esbuild@0.25.12 postinstall node_modules/esbuild node install.js
241 info run protobufjs@7.6.3 postinstall node_modules/protobufjs node scripts/postinstall
242 info run esbuild@0.28.0 postinstall node_modules/tsx/node_modules/esbuild node install.js
243 info run protobufjs@7.6.3 postinstall { code: 0, signal: null }
244 info run esbuild@0.25.12 postinstall { code: 0, signal: null }
245 info run esbuild@0.28.0 postinstall { code: 0, signal: null }
246 silly ADD node_modules/yallist
247 silly ADD node_modules/ws
248 silly ADD node_modules/webworkify-webpack
249 silly ADD node_modules/web-streams-polyfill
250 silly ADD node_modules/vite
251 silly ADD node_modules/vary
252 silly ADD node_modules/utils-merge
253 silly ADD node_modules/update-browserslist-db
254 silly ADD node_modules/unpipe
255 silly ADD node_modules/undici-types
256 silly ADD node_modules/typescript
257 silly ADD node_modules/type-is
258 silly ADD node_modules/tsx
259 silly ADD node_modules/tsx/node_modules/esbuild
260 silly ADD node_modules/tsx/node_modules/@esbuild/android-arm64
261 silly ADD node_modules/tslib
262 silly ADD node_modules/toidentifier
263 silly ADD node_modules/tinyglobby
264 silly ADD node_modules/tapable
265 silly ADD node_modules/tailwindcss
266 silly ADD node_modules/statuses
267 silly ADD node_modules/source-map-js
268 silly ADD node_modules/side-channel-weakmap
269 silly ADD node_modules/side-channel-map
270 silly ADD node_modules/side-channel-list
271 silly ADD node_modules/side-channel
272 silly ADD node_modules/setprototypeof
273 silly ADD node_modules/serve-static
274 silly ADD node_modules/send
275 silly ADD node_modules/send/node_modules/debug
276 silly ADD node_modules/send/node_modules/debug/node_modules/ms
277 silly ADD node_modules/semver
278 silly ADD node_modules/scheduler
279 silly ADD node_modules/safer-buffer
280 silly ADD node_modules/safe-buffer
281 silly ADD node_modules/rollup
282 silly ADD node_modules/retry
283 silly ADD node_modules/react-refresh
284 silly ADD node_modules/react-dom
285 silly ADD node_modules/react
286 silly ADD node_modules/raw-body
287 silly ADD node_modules/range-parser
288 silly ADD node_modules/qs
289 silly ADD node_modules/proxy-addr
290 silly ADD node_modules/protobufjs
291 silly ADD node_modules/postcss-value-parser
292 silly ADD node_modules/postcss
293 silly ADD node_modules/picomatch
294 silly ADD node_modules/picocolors
295 silly ADD node_modules/path-to-regexp
296 silly ADD node_modules/parseurl
297 silly ADD node_modules/p-retry
298 silly ADD node_modules/on-finished
299 silly ADD node_modules/object-inspect
300 silly ADD node_modules/node-releases
301 silly ADD node_modules/node-fetch
302 silly ADD node_modules/node-domexception
303 silly ADD node_modules/negotiator
304 silly ADD node_modules/nanoid
305 silly ADD node_modules/ms
306 silly ADD node_modules/mpegts.js
307 silly ADD node_modules/motion-utils
308 silly ADD node_modules/motion-dom
309 silly ADD node_modules/motion
310 silly ADD node_modules/mime-types
311 silly ADD node_modules/mime-db
312 silly ADD node_modules/mime
313 silly ADD node_modules/methods
314 silly ADD node_modules/merge-descriptors
315 silly ADD node_modules/media-typer
316 silly ADD node_modules/math-intrinsics
317 silly ADD node_modules/magic-string
318 silly ADD node_modules/lucide-react
319 silly ADD node_modules/lru-cache
320 silly ADD node_modules/long
321 silly ADD node_modules/lightningcss-android-arm64
322 silly ADD node_modules/lightningcss
323 silly ADD node_modules/jws
324 silly ADD node_modules/jwa
325 silly ADD node_modules/json5
326 silly ADD node_modules/json-bigint
327 silly ADD node_modules/jsesc
328 silly ADD node_modules/js-tokens
329 silly ADD node_modules/jiti
330 silly ADD node_modules/ipaddr.js
331 silly ADD node_modules/inherits
332 silly ADD node_modules/iconv-lite
333 silly ADD node_modules/https-proxy-agent
334 silly ADD node_modules/http-errors
335 silly ADD node_modules/hasown
336 silly ADD node_modules/has-symbols
337 silly ADD node_modules/graceful-fs
338 silly ADD node_modules/gopd
339 silly ADD node_modules/google-logging-utils
340 silly ADD node_modules/google-auth-library
341 silly ADD node_modules/get-proto
342 silly ADD node_modules/get-intrinsic
343 silly ADD node_modules/gensync
344 silly ADD node_modules/gcp-metadata
345 silly ADD node_modules/gaxios
346 silly ADD node_modules/function-bind
347 silly ADD node_modules/fresh
348 silly ADD node_modules/framer-motion
349 silly ADD node_modules/fraction.js
350 silly ADD node_modules/forwarded
351 silly ADD node_modules/formdata-polyfill
352 silly ADD node_modules/finalhandler
353 silly ADD node_modules/finalhandler/node_modules/ms
354 silly ADD node_modules/finalhandler/node_modules/debug
355 silly ADD node_modules/fetch-blob
356 silly ADD node_modules/fdir
357 silly ADD node_modules/extend
358 silly ADD node_modules/express
359 silly ADD node_modules/express/node_modules/ms
360 silly ADD node_modules/express/node_modules/debug
361 silly ADD node_modules/etag
362 silly ADD node_modules/escape-html
363 silly ADD node_modules/escalade
364 silly ADD node_modules/esbuild
365 silly ADD node_modules/es6-promise
366 silly ADD node_modules/es-object-atoms
367 silly ADD node_modules/es-errors
368 silly ADD node_modules/es-define-property
369 silly ADD node_modules/enhanced-resolve
370 silly ADD node_modules/encodeurl
371 silly ADD node_modules/electron-to-chromium
372 silly ADD node_modules/ee-first
373 silly ADD node_modules/ecdsa-sig-formatter
374 silly ADD node_modules/dunder-proto
375 silly ADD node_modules/dotenv
376 silly ADD node_modules/detect-libc
377 silly ADD node_modules/destroy
378 silly ADD node_modules/depd
379 silly ADD node_modules/debug
380 silly ADD node_modules/data-uri-to-buffer
381 silly ADD node_modules/cookie-signature
382 silly ADD node_modules/cookie
383 silly ADD node_modules/convert-source-map
384 silly ADD node_modules/content-type
385 silly ADD node_modules/content-disposition
386 silly ADD node_modules/caniuse-lite
387 silly ADD node_modules/call-bound
388 silly ADD node_modules/call-bind-apply-helpers
389 silly ADD node_modules/bytes
390 silly ADD node_modules/buffer-equal-constant-time
391 silly ADD node_modules/browserslist
392 silly ADD node_modules/body-parser
393 silly ADD node_modules/body-parser/node_modules/ms
394 silly ADD node_modules/body-parser/node_modules/debug
395 silly ADD node_modules/bignumber.js
396 silly ADD node_modules/baseline-browser-mapping
397 silly ADD node_modules/base64-js
398 silly ADD node_modules/autoprefixer
399 silly ADD node_modules/array-flatten
400 silly ADD node_modules/agent-base
401 silly ADD node_modules/accepts
402 silly ADD node_modules/@vitejs/plugin-react
403 silly ADD node_modules/@types/serve-static
404 silly ADD node_modules/@types/serve-static/node_modules/@types/send
405 silly ADD node_modules/@types/send
406 silly ADD node_modules/@types/retry
407 silly ADD node_modules/@types/range-parser
408 silly ADD node_modules/@types/qs
409 silly ADD node_modules/@types/node
410 silly ADD node_modules/@types/mime
411 silly ADD node_modules/@types/http-errors
412 silly ADD node_modules/@types/express-serve-static-core
413 silly ADD node_modules/@types/express
414 silly ADD node_modules/@types/estree
415 silly ADD node_modules/@types/connect
416 silly ADD node_modules/@types/body-parser
417 silly ADD node_modules/@types/babel__traverse
418 silly ADD node_modules/@types/babel__template
419 silly ADD node_modules/@types/babel__generator
420 silly ADD node_modules/@types/babel__core
421 silly ADD node_modules/@tailwindcss/vite
422 silly ADD node_modules/@tailwindcss/oxide-android-arm64
423 silly ADD node_modules/@tailwindcss/oxide
424 silly ADD node_modules/@tailwindcss/node
425 silly ADD node_modules/@rollup/rollup-android-arm64
426 silly ADD node_modules/@rolldown/pluginutils
427 silly ADD node_modules/@protobufjs/utf8
428 silly ADD node_modules/@protobufjs/pool
429 silly ADD node_modules/@protobufjs/path
430 silly ADD node_modules/@protobufjs/inquire
431 silly ADD node_modules/@protobufjs/float
432 silly ADD node_modules/@protobufjs/fetch
433 silly ADD node_modules/@protobufjs/eventemitter
434 silly ADD node_modules/@protobufjs/codegen
435 silly ADD node_modules/@protobufjs/base64
436 silly ADD node_modules/@protobufjs/aspromise
437 silly ADD node_modules/@jridgewell/trace-mapping
438 silly ADD node_modules/@jridgewell/sourcemap-codec
439 silly ADD node_modules/@jridgewell/resolve-uri
440 silly ADD node_modules/@jridgewell/remapping
441 silly ADD node_modules/@jridgewell/gen-mapping
442 silly ADD node_modules/@google/genai
443 silly ADD node_modules/@esbuild/android-arm64
444 silly ADD node_modules/@babel/types
445 silly ADD node_modules/@babel/traverse
446 silly ADD node_modules/@babel/template
447 silly ADD node_modules/@babel/plugin-transform-react-jsx-source
448 silly ADD node_modules/@babel/plugin-transform-react-jsx-self
449 silly ADD node_modules/@babel/parser
450 silly ADD node_modules/@babel/helpers
451 silly ADD node_modules/@babel/helper-validator-option
452 silly ADD node_modules/@babel/helper-validator-identifier
453 silly ADD node_modules/@babel/helper-string-parser
454 silly ADD node_modules/@babel/helper-plugin-utils
455 silly ADD node_modules/@babel/helper-module-transforms
456 silly ADD node_modules/@babel/helper-module-imports
457 silly ADD node_modules/@babel/helper-globals
458 silly ADD node_modules/@babel/helper-compilation-targets
459 silly ADD node_modules/@babel/generator
460 silly ADD node_modules/@babel/core
461 silly ADD node_modules/@babel/compat-data
462 silly ADD node_modules/@babel/code-frame
463 warn allow-scripts 4 packages have install scripts not yet covered by allowScripts:
463 warn allow-scripts   @google/genai@2.8.0 (preinstall: echo 'preinstall: no-op')
463 warn allow-scripts   esbuild@0.25.12 (postinstall: node install.js)
463 warn allow-scripts   protobufjs@7.6.3 (postinstall: node scripts/postinstall)
463 warn allow-scripts   esbuild@0.28.0 (postinstall: node install.js)
463 warn allow-scripts
463 warn allow-scripts Run `npm approve-scripts --allow-scripts-pending` to review, or `npm approve-scripts <pkg>` to allow.
464 verbose cwd /data/data/com.termux/files/home/qw
465 verbose os Linux 5.10.237-android12-9-00014-gf82f7360927e-ab14119954
466 verbose node v26.2.0
467 verbose npm  v11.16.0
468 verbose exit 0
469 info ok
